<?xml version="1.0"?>
<!DOCTYPE coverage SYSTEM "http://cobertura.sourceforge.net/xml/coverage-04.dtd">

<coverage line-rate="0.0" branch-rate="0.8333333333333334" lines-covered="0" lines-valid="1" branches-covered="5" branches-valid="6" complexity="3.3636363636363638" version="null" timestamp="1390555304990">
	<sources>
		<source>src</source>
	</sources>
	<packages>
		<package name="Client" line-rate="1.0" branch-rate="1.0" complexity="5.0">
			<classes>
				<class name="Client.ExpEvalMain" filename="Client/ExpEvalMain.java" line-rate="1.0" branch-rate="1.0" complexity="5.0">
					<methods>
					</methods>
					<lines>
					</lines>
				</class>
			</classes>
		</package>
		<package name="kavitama.ExpressionEvaluator" line-rate="0.0" branch-rate="0.8333333333333334" complexity="3.2">
			<classes>
				<class name="kavitama.ExpressionEvaluator.ExpEval" filename="kavitama/ExpressionEvaluator/ExpEval.java" line-rate="0.0" branch-rate="0.8333333333333334" complexity="5.4">
					<methods>
					</methods>
					<lines>
						<line number="0" hits="0" branch="true" condition-coverage="83% (5/6)">
							<conditions>
								<condition number="0" type="switch" coverage="83%"/>
							</conditions>
						</line>
					</lines>
				</class>
				<class name="kavitama.ExpressionEvaluator.Operations" filename="kavitama/ExpressionEvaluator/Operations.java" line-rate="1.0" branch-rate="1.0" complexity="1.0">
					<methods>
					</methods>
					<lines>
					</lines>
				</class>
			</classes>
		</package>
	</packages>
</coverage>
