<?xml version="1.0" encoding="UTF-8" ?>
<testsuite errors="0" failures="0" hostname="Inkavitama" name="kavitama.ExpressionEvaluator.OperationsTest" skipped="0" tests="5" time="0.103" timestamp="2014-01-24T09:02:11">
  <properties>
[...]
</properties>
  <testcase classname="kavitama.ExpressionEvaluator.OperationsTest" name="SubstractTwoIntNumber" time="0.001" />
  <testcase classname="kavitama.ExpressionEvaluator.OperationsTest" name="divideTwoIntNumber" time="0.0" />
  <testcase classname="kavitama.ExpressionEvaluator.OperationsTest" name="getPowerOfIntNumber" time="0.0" />
  <testcase classname="kavitama.ExpressionEvaluator.OperationsTest" name="addWillAddTwodoubleNumber" time="0.0" />
  <testcase classname="kavitama.ExpressionEvaluator.OperationsTest" name="MultiplyTwoIntNumber" time="0.0" />
  <system-out><![CDATA[]]></system-out>
  <system-err><![CDATA[]]></system-err>
</testsuite>
